<?xml version="1.0" encoding="UTF-8"?>
<!-- Generated by org.testng.reporters.JUnitReportReporter -->
<testsuite hostname="LAPTOP-63PJ4J75" failures="0" tests="1" name="com.Test.AddCartTest" time="55.928" errors="0" timestamp="2024-02-07T02:19:36 IST" skipped="0">
  <testcase classname="com.Test.AddCartTest" name="CompareProductDetailsWithWishlist" time="55.928"/>
  <system-out/>
</testsuite> <!-- com.Test.AddCartTest -->
