<?xml version="1.0" encoding="UTF-8"?>
<!-- Generated by org.testng.reporters.JUnitReportReporter -->
<testsuite hostname="LAPTOP-63PJ4J75" failures="0" tests="1" name="com.Test.UserRegistrarionTest" time="4.897" errors="0" timestamp="2024-01-19T13:32:30 IST" skipped="0">
  <testcase classname="com.Test.UserRegistrarionTest" name="RegisterNewUser" time="4.897"/>
  <system-out/>
</testsuite> <!-- com.Test.UserRegistrarionTest -->
