<?xml version="1.0" encoding="UTF-8"?>
<!-- Generated by org.testng.reporters.JUnitReportReporter -->
<testsuite hostname="LAPTOP-63PJ4J75" failures="0" tests="4" name="com.Test.UserRegistrarionTest" time="389.874" errors="0" timestamp="2024-01-24T17:58:59 IST" skipped="1">
  <testcase classname="com.Test.UserRegistrarionTest" name="userLoginUsingExcelData" time="183.023"/>
  <system-out/>
  <testcase classname="com.Test.UserRegistrarionTest" name="userLoginUsingExcelData" time="201.607"/>
  <system-out/>
  <testcase classname="com.Test.UserRegistrarionTest" name="userLoginUsingExcelData" time="5.244"/>
  <system-out/>
  <testcase classname="com.Test.UserRegistrarionTest" name="RegisterNewUser">
    <skipped/>
  </testcase> <!-- RegisterNewUser -->
  <system-out/>
</testsuite> <!-- com.Test.UserRegistrarionTest -->
