<?xml version="1.0" encoding="UTF-8"?>
<!-- Generated by org.testng.reporters.JUnitReportReporter -->
<testsuite hostname="LAPTOP-63PJ4J75" failures="0" tests="6" name="com.Test.HomeTest" time="5.091" errors="0" timestamp="2024-02-20T00:06:09 IST" skipped="2">
  <testcase classname="com.Test.HomeTest" name="productLogo" time="0.086"/>
  <system-out/>
  <testcase classname="com.Test.HomeTest" name="htcLolipopImgNamePrice" time="2.439"/>
  <system-out/>
  <testcase classname="com.Test.HomeTest" name="htcMiniblueImgNamePrice" time="0.862"/>
  <system-out/>
  <testcase classname="com.Test.HomeTest" name="verifyProductRedirection" time="1.704"/>
  <system-out/>
  <testcase classname="com.Test.HomeTest" name="totalElementOnWebPage">
    <skipped/>
  </testcase> <!-- totalElementOnWebPage -->
  <system-out/>
  <testcase classname="com.Test.HomeTest" name="SearchProductNotAvailable">
    <skipped/>
  </testcase> <!-- SearchProductNotAvailable -->
  <system-out/>
</testsuite> <!-- com.Test.HomeTest -->
