<?xml version="1.0" encoding="UTF-8"?>
<!-- Generated by org.testng.reporters.JUnitReportReporter -->
<testsuite hostname="LAPTOP-63PJ4J75" failures="0" tests="1" name="com.Test.HandleMultiCheckbox" time="24.178" errors="0" timestamp="2024-02-23T15:15:08 IST" skipped="0">
  <testcase classname="com.Test.HandleMultiCheckbox" name="selectingMultiCheckbox" time="24.178"/>
  <system-out/>
</testsuite> <!-- com.Test.HandleMultiCheckbox -->
