<?xml version="1.0" encoding="UTF-8"?>
<!-- Generated by org.testng.reporters.JUnitReportReporter -->
<testsuite hostname="LAPTOP-63PJ4J75" failures="0" tests="1" name="com.Test.AddCartTest" time="2.792" errors="0" timestamp="2024-01-22T17:22:18 IST" skipped="0">
  <testcase classname="com.Test.AddCartTest" name="AddToCart" time="2.792"/>
  <system-out/>
</testsuite> <!-- com.Test.AddCartTest -->
