<?xml version="1.0" encoding="UTF-8"?>
<!-- Generated by org.testng.reporters.JUnitReportReporter -->
<testsuite hostname="LAPTOP-63PJ4J75" failures="0" tests="1" name="com.Test.UserRegistrarionTest" time="5.570" errors="0" timestamp="2024-01-23T00:10:16 IST" skipped="0">
  <testcase classname="com.Test.UserRegistrarionTest" name="RegisterNewUser" time="5.570"/>
  <system-out/>
</testsuite> <!-- com.Test.UserRegistrarionTest -->
