<?xml version="1.0" encoding="UTF-8"?>
<!-- Generated by org.testng.reporters.JUnitReportReporter -->
<testsuite hostname="LAPTOP-63PJ4J75" failures="0" tests="1" name="com.Test.AddToWishlistTest" time="32.514" errors="0" timestamp="2024-01-21T19:53:21 IST" skipped="0">
  <testcase classname="com.Test.AddToWishlistTest" name="wishlist" time="32.514"/>
  <system-out/>
</testsuite> <!-- com.Test.AddToWishlistTest -->
