<?xml version="1.0" encoding="UTF-8"?>
<!-- Generated by org.testng.reporters.JUnitReportReporter -->
<testsuite hostname="LAPTOP-63PJ4J75" failures="0" tests="3" name="com.Test.UserRegistrarionTest" time="12.681" errors="0" timestamp="2024-02-19T23:23:07 IST" skipped="0">
  <testcase classname="com.Test.UserRegistrarionTest" name="userLoginUsingExcelData" time="3.563"/>
  <system-out/>
  <testcase classname="com.Test.UserRegistrarionTest" name="userLoginUsingExcelData" time="5.234"/>
  <system-out/>
  <testcase classname="com.Test.UserRegistrarionTest" name="userLoginUsingExcelData" time="3.884"/>
  <system-out/>
</testsuite> <!-- com.Test.UserRegistrarionTest -->
