<?xml version="1.0" encoding="UTF-8"?>
<!-- Generated by org.testng.reporters.JUnitReportReporter -->
<testsuite hostname="LAPTOP-63PJ4J75" failures="0" tests="1" name="com.Test.ShippingCartTest" time="11.324" errors="0" timestamp="2024-01-23T00:11:08 IST" skipped="0">
  <testcase classname="com.Test.ShippingCartTest" name="addShippingCart" time="11.324"/>
  <system-out/>
</testsuite> <!-- com.Test.ShippingCartTest -->
