<?xml version="1.0" encoding="UTF-8"?>
<!-- Generated by org.testng.reporters.JUnitReportReporter -->
<testsuite hostname="LAPTOP-63PJ4J75" failures="0" tests="1" name="com.Test.ShippingCartTest" time="13.699" errors="0" timestamp="2024-01-19T17:45:19 IST" skipped="0">
  <testcase classname="com.Test.ShippingCartTest" name="addShippingCart" time="13.699"/>
  <system-out/>
</testsuite> <!-- com.Test.ShippingCartTest -->
